running egg_info
creating ../../build/epson_robot_description/epson_robot_description.egg-info
writing ../../build/epson_robot_description/epson_robot_description.egg-info/PKG-INFO
writing dependency_links to ../../build/epson_robot_description/epson_robot_description.egg-info/dependency_links.txt
writing entry points to ../../build/epson_robot_description/epson_robot_description.egg-info/entry_points.txt
writing requirements to ../../build/epson_robot_description/epson_robot_description.egg-info/requires.txt
writing top-level names to ../../build/epson_robot_description/epson_robot_description.egg-info/top_level.txt
writing manifest file '../../build/epson_robot_description/epson_robot_description.egg-info/SOURCES.txt'
reading manifest file '../../build/epson_robot_description/epson_robot_description.egg-info/SOURCES.txt'
writing manifest file '../../build/epson_robot_description/epson_robot_description.egg-info/SOURCES.txt'
running build
running build_py
creating /root/catkin_ws/build/epson_robot_description/build
creating /root/catkin_ws/build/epson_robot_description/build/lib
creating /root/catkin_ws/build/epson_robot_description/build/lib/epson_robot_description
copying epson_robot_description/__init__.py -> /root/catkin_ws/build/epson_robot_description/build/lib/epson_robot_description
running install
running install_lib
creating /root/catkin_ws/install/epson_robot_description/lib/python3.10/site-packages/epson_robot_description
copying /root/catkin_ws/build/epson_robot_description/build/lib/epson_robot_description/__init__.py -> /root/catkin_ws/install/epson_robot_description/lib/python3.10/site-packages/epson_robot_description
byte-compiling /root/catkin_ws/install/epson_robot_description/lib/python3.10/site-packages/epson_robot_description/__init__.py to __init__.cpython-310.pyc
running install_data
