[1.019s] Invoking command in '/root/catkin_ws/src/epson_robot_description': PYTHONPATH=/root/catkin_ws/build/epson_robot_description/prefix_override:/usr/lib/python3/dist-packages/colcon_core/task/python/colcon_distutils_commands:/root/catkin_ws/install/epson_robot_description/lib/python3.10/site-packages:${PYTHONPATH} /usr/bin/python3 -W ignore:setup.py install is deprecated setup.py egg_info --egg-base ../../build/epson_robot_description build --build-base /root/catkin_ws/build/epson_robot_description/build install --record /root/catkin_ws/build/epson_robot_description/install.log --install-scripts $base/lib/epson_robot_description --single-version-externally-managed install_data
[1.295s] /usr/lib/python3/dist-packages/setuptools/dist.py:723: UserWarning: Usage of dash-separated 'script-dir' will not be supported in future versions. Please use the underscore name 'script_dir' instead
[1.295s]   warnings.warn(
[1.307s] running egg_info
[1.308s] creating ../../build/epson_robot_description/epson_robot_description.egg-info
[1.308s] writing ../../build/epson_robot_description/epson_robot_description.egg-info/PKG-INFO
[1.309s] writing dependency_links to ../../build/epson_robot_description/epson_robot_description.egg-info/dependency_links.txt
[1.309s] writing entry points to ../../build/epson_robot_description/epson_robot_description.egg-info/entry_points.txt
[1.309s] writing requirements to ../../build/epson_robot_description/epson_robot_description.egg-info/requires.txt
[1.309s] writing top-level names to ../../build/epson_robot_description/epson_robot_description.egg-info/top_level.txt
[1.309s] writing manifest file '../../build/epson_robot_description/epson_robot_description.egg-info/SOURCES.txt'
[1.312s] reading manifest file '../../build/epson_robot_description/epson_robot_description.egg-info/SOURCES.txt'
[1.315s] writing manifest file '../../build/epson_robot_description/epson_robot_description.egg-info/SOURCES.txt'
[1.315s] running build
[1.315s] running build_py
[1.316s] creating /root/catkin_ws/build/epson_robot_description/build
[1.321s] creating /root/catkin_ws/build/epson_robot_description/build/lib
[1.321s] creating /root/catkin_ws/build/epson_robot_description/build/lib/epson_robot_description
[1.322s] copying epson_robot_description/__init__.py -> /root/catkin_ws/build/epson_robot_description/build/lib/epson_robot_description
[1.322s] running install
[1.322s] running install_lib
[1.322s] creating /root/catkin_ws/install/epson_robot_description/lib/python3.10/site-packages/epson_robot_description
[1.322s] copying /root/catkin_ws/build/epson_robot_description/build/lib/epson_robot_description/__init__.py -> /root/catkin_ws/install/epson_robot_description/lib/python3.10/site-packages/epson_robot_description
[1.322s] byte-compiling /root/catkin_ws/install/epson_robot_description/lib/python3.10/site-packages/epson_robot_description/__init__.py to __init__.cpython-310.pyc
[1.324s] running install_data
[1.324s] error: can't copy 'resource/epson_robot_description': doesn't exist or not a regular file
[1.358s] Invoked command in '/root/catkin_ws/src/epson_robot_description' returned '1': PYTHONPATH=/root/catkin_ws/build/epson_robot_description/prefix_override:/usr/lib/python3/dist-packages/colcon_core/task/python/colcon_distutils_commands:/root/catkin_ws/install/epson_robot_description/lib/python3.10/site-packages:${PYTHONPATH} /usr/bin/python3 -W ignore:setup.py install is deprecated setup.py egg_info --egg-base ../../build/epson_robot_description build --build-base /root/catkin_ws/build/epson_robot_description/build install --record /root/catkin_ws/build/epson_robot_description/install.log --install-scripts $base/lib/epson_robot_description --single-version-externally-managed install_data
