running egg_info
writing ../../build/epson_robot_description/epson_robot_description.egg-info/PKG-INFO
writing dependency_links to ../../build/epson_robot_description/epson_robot_description.egg-info/dependency_links.txt
writing entry points to ../../build/epson_robot_description/epson_robot_description.egg-info/entry_points.txt
writing requirements to ../../build/epson_robot_description/epson_robot_description.egg-info/requires.txt
writing top-level names to ../../build/epson_robot_description/epson_robot_description.egg-info/top_level.txt
reading manifest file '../../build/epson_robot_description/epson_robot_description.egg-info/SOURCES.txt'
writing manifest file '../../build/epson_robot_description/epson_robot_description.egg-info/SOURCES.txt'
running build
running build_py
running install
running install_lib
running install_data
creating /root/catkin_ws/install/epson_robot_description/share/epson_robot_description/launch
copying launch/display.launch.py -> /root/catkin_ws/install/epson_robot_description/share/epson_robot_description/launch
copying launch/gazebo.launch.py -> /root/catkin_ws/install/epson_robot_description/share/epson_robot_description/launch
creating /root/catkin_ws/install/epson_robot_description/share/epson_robot_description/urdf
copying urdf/(未保存).gazebo -> /root/catkin_ws/install/epson_robot_description/share/epson_robot_description/urdf
copying urdf/(未保存).trans -> /root/catkin_ws/install/epson_robot_description/share/epson_robot_description/urdf
copying urdf/materials.xacro -> /root/catkin_ws/install/epson_robot_description/share/epson_robot_description/urdf
copying urdf/(未保存).xacro -> /root/catkin_ws/install/epson_robot_description/share/epson_robot_description/urdf
creating /root/catkin_ws/install/epson_robot_description/share/epson_robot_description/meshes
copying meshes/J1 C4.stl -> /root/catkin_ws/install/epson_robot_description/share/epson_robot_description/meshes
copying meshes/C4S.stl -> /root/catkin_ws/install/epson_robot_description/share/epson_robot_description/meshes
copying meshes/J4 C4.stl -> /root/catkin_ws/install/epson_robot_description/share/epson_robot_description/meshes
copying meshes/J3 C4.stl -> /root/catkin_ws/install/epson_robot_description/share/epson_robot_description/meshes
copying meshes/J6 C4.stl -> /root/catkin_ws/install/epson_robot_description/share/epson_robot_description/meshes
copying meshes/J2 C4.stl -> /root/catkin_ws/install/epson_robot_description/share/epson_robot_description/meshes
copying meshes/J5 C4.stl -> /root/catkin_ws/install/epson_robot_description/share/epson_robot_description/meshes
copying meshes/base_link.stl -> /root/catkin_ws/install/epson_robot_description/share/epson_robot_description/meshes
creating /root/catkin_ws/install/epson_robot_description/share/epson_robot_description/config
copying config/display.rviz -> /root/catkin_ws/install/epson_robot_description/share/epson_robot_description/config
running install_egg_info
Copying ../../build/epson_robot_description/epson_robot_description.egg-info to /root/catkin_ws/install/epson_robot_description/lib/python3.10/site-packages/epson_robot_description-0.0.0-py3.10.egg-info
running install_scripts
writing list of installed files to '/root/catkin_ws/build/epson_robot_description/install.log'
