/usr/lib/python3/dist-packages/setuptools/dist.py:723: UserWarning: Usage of dash-separated 'script-dir' will not be supported in future versions. Please use the underscore name 'script_dir' instead
  warnings.warn(
running egg_info
writing ../../build/epson_robot_description/epson_robot_description.egg-info/PKG-INFO
writing dependency_links to ../../build/epson_robot_description/epson_robot_description.egg-info/dependency_links.txt
writing entry points to ../../build/epson_robot_description/epson_robot_description.egg-info/entry_points.txt
writing requirements to ../../build/epson_robot_description/epson_robot_description.egg-info/requires.txt
writing top-level names to ../../build/epson_robot_description/epson_robot_description.egg-info/top_level.txt
reading manifest file '../../build/epson_robot_description/epson_robot_description.egg-info/SOURCES.txt'
writing manifest file '../../build/epson_robot_description/epson_robot_description.egg-info/SOURCES.txt'
running build
running build_py
copying epson_robot_description/__init__.py -> /root/catkin_ws/build/epson_robot_description/build/lib/epson_robot_description
running install
running install_lib
copying /root/catkin_ws/build/epson_robot_description/build/lib/epson_robot_description/__init__.py -> /root/catkin_ws/install/epson_robot_description/lib/python3.10/site-packages/epson_robot_description
byte-compiling /root/catkin_ws/install/epson_robot_description/lib/python3.10/site-packages/epson_robot_description/__init__.py to __init__.cpython-310.pyc
running install_data
copying resource/epson_robot_description -> /root/catkin_ws/install/epson_robot_description/share/ament_index/resource_index/packages
copying package.xml -> /root/catkin_ws/install/epson_robot_description/share/epson_robot_description
copying launch/display.launch.py -> /root/catkin_ws/install/epson_robot_description/share/epson_robot_description/launch
copying launch/gazebo.launch.py -> /root/catkin_ws/install/epson_robot_description/share/epson_robot_description/launch
copying urdf/materials.xacro -> /root/catkin_ws/install/epson_robot_description/share/epson_robot_description/urdf
copying urdf/epson_robot.gazebo -> /root/catkin_ws/install/epson_robot_description/share/epson_robot_description/urdf
copying urdf/epson_robot.xacro -> /root/catkin_ws/install/epson_robot_description/share/epson_robot_description/urdf
copying urdf/epson_robot.trans -> /root/catkin_ws/install/epson_robot_description/share/epson_robot_description/urdf
copying meshes/J1 C4.stl -> /root/catkin_ws/install/epson_robot_description/share/epson_robot_description/meshes
copying meshes/C4S.stl -> /root/catkin_ws/install/epson_robot_description/share/epson_robot_description/meshes
copying meshes/J4 C4.stl -> /root/catkin_ws/install/epson_robot_description/share/epson_robot_description/meshes
copying meshes/J3 C4.stl -> /root/catkin_ws/install/epson_robot_description/share/epson_robot_description/meshes
copying meshes/J6 C4.stl -> /root/catkin_ws/install/epson_robot_description/share/epson_robot_description/meshes
copying meshes/J2 C4.stl -> /root/catkin_ws/install/epson_robot_description/share/epson_robot_description/meshes
copying meshes/J5 C4.stl -> /root/catkin_ws/install/epson_robot_description/share/epson_robot_description/meshes
copying meshes/base_link.stl -> /root/catkin_ws/install/epson_robot_description/share/epson_robot_description/meshes
running install_egg_info
removing '/root/catkin_ws/install/epson_robot_description/lib/python3.10/site-packages/epson_robot_description-0.0.0-py3.10.egg-info' (and everything under it)
Copying ../../build/epson_robot_description/epson_robot_description.egg-info to /root/catkin_ws/install/epson_robot_description/lib/python3.10/site-packages/epson_robot_description-0.0.0-py3.10.egg-info
running install_scripts
writing list of installed files to '/root/catkin_ws/build/epson_robot_description/install.log'
