[0.934s] Invoking command in '/root/catkin_ws/src/epson_robot_description': PYTHONPATH=/root/catkin_ws/build/epson_robot_description/prefix_override:/usr/lib/python3/dist-packages/colcon_core/task/python/colcon_distutils_commands:/root/catkin_ws/install/epson_robot_description/lib/python3.10/site-packages:${PYTHONPATH} /usr/bin/python3 -W ignore:setup.py install is deprecated setup.py egg_info --egg-base ../../build/epson_robot_description build --build-base /root/catkin_ws/build/epson_robot_description/build install --record /root/catkin_ws/build/epson_robot_description/install.log --install-scripts $base/lib/epson_robot_description --single-version-externally-managed install_data
[1.221s] /usr/lib/python3/dist-packages/setuptools/dist.py:723: UserWarning: Usage of dash-separated 'script-dir' will not be supported in future versions. Please use the underscore name 'script_dir' instead
[1.221s]   warnings.warn(
[1.233s] running egg_info
[1.234s] writing ../../build/epson_robot_description/epson_robot_description.egg-info/PKG-INFO
[1.236s] writing dependency_links to ../../build/epson_robot_description/epson_robot_description.egg-info/dependency_links.txt
[1.236s] writing entry points to ../../build/epson_robot_description/epson_robot_description.egg-info/entry_points.txt
[1.236s] writing requirements to ../../build/epson_robot_description/epson_robot_description.egg-info/requires.txt
[1.237s] writing top-level names to ../../build/epson_robot_description/epson_robot_description.egg-info/top_level.txt
[1.243s] reading manifest file '../../build/epson_robot_description/epson_robot_description.egg-info/SOURCES.txt'
[1.247s] writing manifest file '../../build/epson_robot_description/epson_robot_description.egg-info/SOURCES.txt'
[1.247s] running build
[1.247s] running build_py
[1.247s] copying epson_robot_description/__init__.py -> /root/catkin_ws/build/epson_robot_description/build/lib/epson_robot_description
[1.249s] running install
[1.250s] running install_lib
[1.252s] copying /root/catkin_ws/build/epson_robot_description/build/lib/epson_robot_description/__init__.py -> /root/catkin_ws/install/epson_robot_description/lib/python3.10/site-packages/epson_robot_description
[1.253s] byte-compiling /root/catkin_ws/install/epson_robot_description/lib/python3.10/site-packages/epson_robot_description/__init__.py to __init__.cpython-310.pyc
[1.254s] running install_data
[1.254s] copying resource/epson_robot_description -> /root/catkin_ws/install/epson_robot_description/share/ament_index/resource_index/packages
[1.255s] copying package.xml -> /root/catkin_ws/install/epson_robot_description/share/epson_robot_description
[1.256s] copying launch/display.launch.py -> /root/catkin_ws/install/epson_robot_description/share/epson_robot_description/launch
[1.257s] copying launch/gazebo.launch.py -> /root/catkin_ws/install/epson_robot_description/share/epson_robot_description/launch
[1.257s] copying urdf/materials.xacro -> /root/catkin_ws/install/epson_robot_description/share/epson_robot_description/urdf
[1.258s] copying urdf/epson_robot.gazebo -> /root/catkin_ws/install/epson_robot_description/share/epson_robot_description/urdf
[1.258s] copying urdf/epson_robot.xacro -> /root/catkin_ws/install/epson_robot_description/share/epson_robot_description/urdf
[1.258s] copying urdf/epson_robot.trans -> /root/catkin_ws/install/epson_robot_description/share/epson_robot_description/urdf
[1.258s] copying meshes/J1 C4.stl -> /root/catkin_ws/install/epson_robot_description/share/epson_robot_description/meshes
[1.260s] copying meshes/C4S.stl -> /root/catkin_ws/install/epson_robot_description/share/epson_robot_description/meshes
[1.262s] copying meshes/J4 C4.stl -> /root/catkin_ws/install/epson_robot_description/share/epson_robot_description/meshes
[1.262s] copying meshes/J3 C4.stl -> /root/catkin_ws/install/epson_robot_description/share/epson_robot_description/meshes
[1.264s] copying meshes/J6 C4.stl -> /root/catkin_ws/install/epson_robot_description/share/epson_robot_description/meshes
[1.265s] copying meshes/J2 C4.stl -> /root/catkin_ws/install/epson_robot_description/share/epson_robot_description/meshes
[1.267s] copying meshes/J5 C4.stl -> /root/catkin_ws/install/epson_robot_description/share/epson_robot_description/meshes
[1.268s] copying meshes/base_link.stl -> /root/catkin_ws/install/epson_robot_description/share/epson_robot_description/meshes
[1.274s] running install_egg_info
[1.277s] removing '/root/catkin_ws/install/epson_robot_description/lib/python3.10/site-packages/epson_robot_description-0.0.0-py3.10.egg-info' (and everything under it)
[1.278s] Copying ../../build/epson_robot_description/epson_robot_description.egg-info to /root/catkin_ws/install/epson_robot_description/lib/python3.10/site-packages/epson_robot_description-0.0.0-py3.10.egg-info
[1.279s] running install_scripts
[1.306s] writing list of installed files to '/root/catkin_ws/build/epson_robot_description/install.log'
[1.339s] Invoked command in '/root/catkin_ws/src/epson_robot_description' returned '0': PYTHONPATH=/root/catkin_ws/build/epson_robot_description/prefix_override:/usr/lib/python3/dist-packages/colcon_core/task/python/colcon_distutils_commands:/root/catkin_ws/install/epson_robot_description/lib/python3.10/site-packages:${PYTHONPATH} /usr/bin/python3 -W ignore:setup.py install is deprecated setup.py egg_info --egg-base ../../build/epson_robot_description build --build-base /root/catkin_ws/build/epson_robot_description/build install --record /root/catkin_ws/build/epson_robot_description/install.log --install-scripts $base/lib/epson_robot_description --single-version-externally-managed install_data
