[0.531s] Invoking command in '/root/catkin_ws/src/epson_robot_description': PYTHONPATH=/root/catkin_ws/build/epson_robot_description/prefix_override:/usr/lib/python3/dist-packages/colcon_core/task/python/colcon_distutils_commands:/root/catkin_ws/install/epson_robot_description/lib/python3.10/site-packages:${PYTHONPATH} /usr/bin/python3 -W ignore:setup.py install is deprecated setup.py egg_info --egg-base ../../build/epson_robot_description build --build-base /root/catkin_ws/build/epson_robot_description/build install --record /root/catkin_ws/build/epson_robot_description/install.log --single-version-externally-managed install_data
[0.692s] running egg_info
[0.692s] writing ../../build/epson_robot_description/epson_robot_description.egg-info/PKG-INFO
[0.692s] writing dependency_links to ../../build/epson_robot_description/epson_robot_description.egg-info/dependency_links.txt
[0.692s] writing entry points to ../../build/epson_robot_description/epson_robot_description.egg-info/entry_points.txt
[0.693s] writing requirements to ../../build/epson_robot_description/epson_robot_description.egg-info/requires.txt
[0.693s] writing top-level names to ../../build/epson_robot_description/epson_robot_description.egg-info/top_level.txt
[0.696s] reading manifest file '../../build/epson_robot_description/epson_robot_description.egg-info/SOURCES.txt'
[0.697s] writing manifest file '../../build/epson_robot_description/epson_robot_description.egg-info/SOURCES.txt'
[0.697s] running build
[0.698s] running build_py
[0.698s] running install
[0.698s] running install_lib
[0.701s] running install_data
[0.701s] copying launch/gazebo.launch.py -> /root/catkin_ws/install/epson_robot_description/share/epson_robot_description/launch
[0.702s] running install_egg_info
[0.703s] removing '/root/catkin_ws/install/epson_robot_description/lib/python3.10/site-packages/epson_robot_description-0.0.0-py3.10.egg-info' (and everything under it)
[0.704s] Copying ../../build/epson_robot_description/epson_robot_description.egg-info to /root/catkin_ws/install/epson_robot_description/lib/python3.10/site-packages/epson_robot_description-0.0.0-py3.10.egg-info
[0.706s] running install_scripts
[0.727s] writing list of installed files to '/root/catkin_ws/build/epson_robot_description/install.log'
[0.749s] Invoked command in '/root/catkin_ws/src/epson_robot_description' returned '0': PYTHONPATH=/root/catkin_ws/build/epson_robot_description/prefix_override:/usr/lib/python3/dist-packages/colcon_core/task/python/colcon_distutils_commands:/root/catkin_ws/install/epson_robot_description/lib/python3.10/site-packages:${PYTHONPATH} /usr/bin/python3 -W ignore:setup.py install is deprecated setup.py egg_info --egg-base ../../build/epson_robot_description build --build-base /root/catkin_ws/build/epson_robot_description/build install --record /root/catkin_ws/build/epson_robot_description/install.log --single-version-externally-managed install_data
